<?xml version="1.0" encoding="UTF-8"?>
<testng-results ignored="0" total="1" passed="1" failed="0" skipped="0">
  <reporter-output>
  </reporter-output>
  <suite started-at="2020-03-04T09:08:47Z" name="loginSuite" finished-at="2020-03-04T09:09:56Z" duration-ms="68818">
    <groups>
    </groups>
    <test started-at="2020-03-04T09:08:47Z" name="loginTest" finished-at="2020-03-04T09:09:56Z" duration-ms="68818">
      <class name="testcase.logintestcase">
        <test-method is-config="true" signature="readdata()[pri:0, instance:testcase.logintestcase@68e5eea7]" started-at="2020-03-04T09:08:46Z" name="readdata" finished-at="2020-03-04T09:08:47Z" duration-ms="1204" status="PASS">
          <reporter-output>
          </reporter-output>
        </test-method> <!-- readdata -->
        <test-method is-config="true" signature="start()[pri:0, instance:testcase.logintestcase@68e5eea7]" started-at="2020-03-04T09:08:47Z" name="start" finished-at="2020-03-04T09:09:46Z" duration-ms="58420" status="PASS">
          <reporter-output>
          </reporter-output>
        </test-method> <!-- start -->
        <test-method signature="loginApp()[pri:0, instance:testcase.logintestcase@68e5eea7]" started-at="2020-03-04T09:09:46Z" name="loginApp" finished-at="2020-03-04T09:09:51Z" duration-ms="4858" status="PASS">
          <reporter-output>
          </reporter-output>
        </test-method> <!-- loginApp -->
        <test-method is-config="true" signature="teardown()[pri:0, instance:testcase.logintestcase@68e5eea7]" started-at="2020-03-04T09:09:51Z" name="teardown" finished-at="2020-03-04T09:09:51Z" duration-ms="459" status="PASS">
          <reporter-output>
          </reporter-output>
        </test-method> <!-- teardown -->
        <test-method is-config="true" signature="closeApplication()[pri:0, instance:testcase.logintestcase@68e5eea7]" started-at="2020-03-04T09:09:51Z" name="closeApplication" finished-at="2020-03-04T09:09:56Z" duration-ms="5043" status="PASS">
          <reporter-output>
          </reporter-output>
        </test-method> <!-- closeApplication -->
      </class> <!-- testcase.logintestcase -->
    </test> <!-- loginTest -->
  </suite> <!-- loginSuite -->
</testng-results>
